<?xml version="1.0" encoding="UTF-8"?>
<!-- Generated by org.testng.reporters.JUnitXMLReporter -->
<testsuite ignored="0" hostname="MMT-MAC-8438.local" failures="0" tests="3" name="User Signupr" time="27.644" errors="0" timestamp="2021-07-21T09:49:56 IST">
  <testcase classname="test_scripts.TestUserSignUp" name="validateInvalidUserSignupTest" time="2.197"/>
  <testcase classname="test_scripts.TestUserSignUp" name="validateNewUserSignupTest" time="3.693"/>
  <testcase classname="test_scripts.TestUserSignUp" name="validateRegisteredUserSignupTest" time="2.16"/>
</testsuite> <!-- User Signupr -->
